01:44:57 | INFO     | Outputs will be stored under /Users/charles/Desktop/viv_tavi_forecasting/simulation_run_v1/runs/model_v12_korea/2026-01-30-014454_korea_unified_pipeline
01:44:57 | INFO     | Pre-compute enabled: building age/sex population, risk scores, redo targets.
01:44:57 | INFO     | Built population files from UN data (Years 2022-2050)
01:44:57 | INFO     | Built index projection: TAVI rows 884, SAVR rows 884
01:44:59 | INFO     | Demography figures stored under /Users/charles/Desktop/viv_tavi_forecasting/simulation_run_v1/runs/model_v12_korea/2026-01-30-014454_korea_unified_pipeline/figures/demography
01:44:59 | INFO     | Risk figures stored under /Users/charles/Desktop/viv_tavi_forecasting/simulation_run_v1/runs/model_v12_korea/2026-01-30-014454_korea_unified_pipeline/figures/risks
01:44:59 | INFO     | TAVI rows 884, SAVR rows 884 (observed + projection)
01:45:00 | INFO     | Run 1/100: realized ViV — TAVR-in-SAVR=2332, TAVR-in-TAVR=13194
01:45:06 | INFO     | Run 11/100: realized ViV — TAVR-in-SAVR=2812, TAVR-in-TAVR=16074
01:45:12 | INFO     | Run 21/100: realized ViV — TAVR-in-SAVR=2997, TAVR-in-TAVR=17096
01:45:17 | INFO     | Run 31/100: realized ViV — TAVR-in-SAVR=2963, TAVR-in-TAVR=16746
01:45:23 | INFO     | Run 41/100: realized ViV — TAVR-in-SAVR=2757, TAVR-in-TAVR=15585
01:45:28 | INFO     | Run 51/100: realized ViV — TAVR-in-SAVR=2944, TAVR-in-TAVR=16391
01:45:34 | INFO     | Run 61/100: realized ViV — TAVR-in-SAVR=3376, TAVR-in-TAVR=18801
01:45:40 | INFO     | Run 71/100: realized ViV — TAVR-in-SAVR=2086, TAVR-in-TAVR=11805
01:45:45 | INFO     | Run 81/100: realized ViV — TAVR-in-SAVR=3103, TAVR-in-TAVR=17400
01:45:51 | INFO     | Run 91/100: realized ViV — TAVR-in-SAVR=2861, TAVR-in-TAVR=16114
01:45:56 | INFO     | Run 100/100: realized ViV — TAVR-in-SAVR=2786, TAVR-in-TAVR=15264
01:45:57 | INFO     | Tables (CSV):
01:45:57 | INFO     |   /Users/charles/Desktop/viv_tavi_forecasting/simulation_run_v1/runs/model_v12_korea/2026-01-30-014454_korea_unified_pipeline/tables/index/tavi_with_projection.csv  — TAVI index volumes (year × age_band × sex × src)
01:45:57 | INFO     |   /Users/charles/Desktop/viv_tavi_forecasting/simulation_run_v1/runs/model_v12_korea/2026-01-30-014454_korea_unified_pipeline/tables/index/savr_with_projection.csv  — SAVR index volumes (year × age_band × sex × src)
01:45:57 | INFO     |   /Users/charles/Desktop/viv_tavi_forecasting/simulation_run_v1/runs/model_v12_korea/2026-01-30-014454_korea_unified_pipeline/tables/flow/patient_flow_mean.csv  — Mean patient flow per year (index_cnt, deaths, failures, viable)
01:45:57 | INFO     |   /Users/charles/Desktop/viv_tavi_forecasting/simulation_run_v1/runs/model_v12_korea/2026-01-30-014454_korea_unified_pipeline/tables/viv/viv_candidates_totals.csv  — ViV candidates (mean ± SD across runs, by year × viv_type)
01:45:57 | INFO     |   /Users/charles/Desktop/viv_tavi_forecasting/simulation_run_v1/runs/model_v12_korea/2026-01-30-014454_korea_unified_pipeline/tables/viv/viv_candidates_v5like.csv  — v5-style candidate totals (mean of bins, QA only)
01:45:57 | INFO     |   /Users/charles/Desktop/viv_tavi_forecasting/simulation_run_v1/runs/model_v12_korea/2026-01-30-014454_korea_unified_pipeline/tables/viv/viv_forecast.csv  — ViV realized (mean ± SD across runs)
01:45:57 | INFO     |   /Users/charles/Desktop/viv_tavi_forecasting/simulation_run_v1/runs/model_v12_korea/2026-01-30-014454_korea_unified_pipeline/tables/viv/viv_forecast_realized.csv  — ViV realized after redo-SAVR subtraction
01:45:57 | INFO     | QC tables:
01:45:57 | INFO     |   /Users/charles/Desktop/viv_tavi_forecasting/simulation_run_v1/runs/model_v12_korea/2026-01-30-014454_korea_unified_pipeline/qc/index_projection/tavi_index_projection_*  — TAVI index projection slice
01:45:57 | INFO     |   /Users/charles/Desktop/viv_tavi_forecasting/simulation_run_v1/runs/model_v12_korea/2026-01-30-014454_korea_unified_pipeline/qc/index_projection/savr_index_projection_*  — SAVR index projection slice
01:45:57 | INFO     |   /Users/charles/Desktop/viv_tavi_forecasting/simulation_run_v1/runs/model_v12_korea/2026-01-30-014454_korea_unified_pipeline/qc/redo/redo_savr_qc.csv  — Redo-SAVR reconciliation (before/after subtraction)
01:45:57 | INFO     | Figures (PNG):
01:45:57 | INFO     |   /Users/charles/Desktop/viv_tavi_forecasting/simulation_run_v1/runs/model_v12_korea/2026-01-30-014454_korea_unified_pipeline/figures/index/image_A_tavi_index.png  — TAVI index: observed vs projected
01:45:57 | INFO     |   /Users/charles/Desktop/viv_tavi_forecasting/simulation_run_v1/runs/model_v12_korea/2026-01-30-014454_korea_unified_pipeline/figures/index/image_B_savr_index.png  — SAVR index: observed vs projected
01:45:57 | INFO     |   /Users/charles/Desktop/viv_tavi_forecasting/simulation_run_v1/runs/model_v12_korea/2026-01-30-014454_korea_unified_pipeline/figures/index/index_volume_overlay.png  — TAVI vs SAVR index overlay
01:45:57 | INFO     |   /Users/charles/Desktop/viv_tavi_forecasting/simulation_run_v1/runs/model_v12_korea/2026-01-30-014454_korea_unified_pipeline/figures/flow/flow_tavi.png  — Flow diagram for TAVI (index, deaths, failures, viable)
01:45:57 | INFO     |   /Users/charles/Desktop/viv_tavi_forecasting/simulation_run_v1/runs/model_v12_korea/2026-01-30-014454_korea_unified_pipeline/figures/flow/flow_savr.png  — Flow diagram for SAVR (index, deaths, failures, viable)
01:45:57 | INFO     |   /Users/charles/Desktop/viv_tavi_forecasting/simulation_run_v1/runs/model_v12_korea/2026-01-30-014454_korea_unified_pipeline/figures/viv/image_C_viv_pretty_*.png  — Image-C-style ViV forecast (bars + lines)
01:45:57 | INFO     |   /Users/charles/Desktop/viv_tavi_forecasting/simulation_run_v1/runs/model_v12_korea/2026-01-30-014454_korea_unified_pipeline/figures/demography  — Demography plots (age-band lines, heatmap)
01:45:57 | INFO     |   /Users/charles/Desktop/viv_tavi_forecasting/simulation_run_v1/runs/model_v12_korea/2026-01-30-014454_korea_unified_pipeline/figures/risks  — Risk plots (heatmaps and bar charts)
