16:32:09 | INFO     | Outputs will be stored under runs/model_v9_forecasting/2025-11-12-163209_korea_v1
16:32:09 | INFO     | Pre‑compute: building age/sex population, risk scores, and redo targets.
16:32:09 | INFO     | TAVI rows 194, SAVR rows 494 (obs+projection)
16:32:18 | INFO     | Tables:
16:32:18 | INFO     |   runs/model_v9_forecasting/2025-11-12-163209_korea_v1/tables/index/tavi_with_projection.csv
16:32:18 | INFO     |   runs/model_v9_forecasting/2025-11-12-163209_korea_v1/tables/index/savr_with_projection.csv
16:32:18 | INFO     |   runs/model_v9_forecasting/2025-11-12-163209_korea_v1/tables/flow/patient_flow_mean.csv
16:32:18 | INFO     |   runs/model_v9_forecasting/2025-11-12-163209_korea_v1/tables/viv/viv_candidates_totals.csv
16:32:18 | INFO     |   runs/model_v9_forecasting/2025-11-12-163209_korea_v1/tables/viv/viv_candidates_v5like.csv
16:32:18 | INFO     |   runs/model_v9_forecasting/2025-11-12-163209_korea_v1/tables/viv/viv_forecast.csv
16:32:18 | INFO     |   runs/model_v9_forecasting/2025-11-12-163209_korea_v1/tables/viv/viv_forecast_realized.csv
16:32:18 | INFO     | QC:
16:32:18 | INFO     |   runs/model_v9_forecasting/2025-11-12-163209_korea_v1/qc/index_projection/tavi_index_projection_*.csv
16:32:18 | INFO     |   runs/model_v9_forecasting/2025-11-12-163209_korea_v1/qc/index_projection/savr_index_projection_*.csv
16:32:18 | INFO     |   runs/model_v9_forecasting/2025-11-12-163209_korea_v1/qc/redo/redo_savr_qc.csv
16:32:18 | INFO     | Figures:
16:32:18 | INFO     |   runs/model_v9_forecasting/2025-11-12-163209_korea_v1/figures/index/image_A_tavi_index.png
16:32:18 | INFO     |   runs/model_v9_forecasting/2025-11-12-163209_korea_v1/figures/index/image_B_savr_index.png
16:32:18 | INFO     |   runs/model_v9_forecasting/2025-11-12-163209_korea_v1/figures/index/index_volume_overlay.png
16:32:18 | INFO     |   runs/model_v9_forecasting/2025-11-12-163209_korea_v1/figures/flow/flow_tavi.png
16:32:18 | INFO     |   runs/model_v9_forecasting/2025-11-12-163209_korea_v1/figures/flow/flow_savr.png
16:32:18 | INFO     |   runs/model_v9_forecasting/2025-11-12-163209_korea_v1/figures/viv/image_C_viv_pretty_*.png
