02:00:39 | INFO     | Outputs will be stored under /Users/charles/Desktop/viv_tavi_forecasting/simulation_run_v1/runs/model_v12_singapore/2026-01-30-020036_singapore_unified_pipeline
02:00:39 | INFO     | Pre-compute enabled: building age/sex population, risk scores, redo targets.
02:00:39 | INFO     | Built population files from UN data (Years 2022-2050)
02:00:39 | INFO     | Built index projection: TAVI rows 884, SAVR rows 884
02:00:41 | INFO     | Demography figures stored under /Users/charles/Desktop/viv_tavi_forecasting/simulation_run_v1/runs/model_v12_singapore/2026-01-30-020036_singapore_unified_pipeline/figures/demography
02:00:41 | INFO     | Risk figures stored under /Users/charles/Desktop/viv_tavi_forecasting/simulation_run_v1/runs/model_v12_singapore/2026-01-30-020036_singapore_unified_pipeline/figures/risks
02:00:41 | INFO     | TAVI rows 884, SAVR rows 884 (observed + projection)
02:00:42 | INFO     | Run 1/100: realized ViV — TAVR-in-SAVR=1386, TAVR-in-TAVR=786
02:00:45 | INFO     | Run 11/100: realized ViV — TAVR-in-SAVR=1340, TAVR-in-TAVR=747
02:00:48 | INFO     | Run 21/100: realized ViV — TAVR-in-SAVR=2048, TAVR-in-TAVR=1105
02:00:50 | INFO     | Run 31/100: realized ViV — TAVR-in-SAVR=1942, TAVR-in-TAVR=1089
02:00:53 | INFO     | Run 41/100: realized ViV — TAVR-in-SAVR=1466, TAVR-in-TAVR=829
02:00:56 | INFO     | Run 51/100: realized ViV — TAVR-in-SAVR=1435, TAVR-in-TAVR=804
02:00:59 | INFO     | Run 61/100: realized ViV — TAVR-in-SAVR=1595, TAVR-in-TAVR=910
02:01:02 | INFO     | Run 71/100: realized ViV — TAVR-in-SAVR=1927, TAVR-in-TAVR=1078
02:01:04 | INFO     | Run 81/100: realized ViV — TAVR-in-SAVR=1422, TAVR-in-TAVR=795
02:01:07 | INFO     | Run 91/100: realized ViV — TAVR-in-SAVR=1753, TAVR-in-TAVR=969
02:01:10 | INFO     | Run 100/100: realized ViV — TAVR-in-SAVR=1751, TAVR-in-TAVR=959
02:01:11 | INFO     | Tables (CSV):
02:01:11 | INFO     |   /Users/charles/Desktop/viv_tavi_forecasting/simulation_run_v1/runs/model_v12_singapore/2026-01-30-020036_singapore_unified_pipeline/tables/index/tavi_with_projection.csv  — TAVI index volumes (year × age_band × sex × src)
02:01:11 | INFO     |   /Users/charles/Desktop/viv_tavi_forecasting/simulation_run_v1/runs/model_v12_singapore/2026-01-30-020036_singapore_unified_pipeline/tables/index/savr_with_projection.csv  — SAVR index volumes (year × age_band × sex × src)
02:01:11 | INFO     |   /Users/charles/Desktop/viv_tavi_forecasting/simulation_run_v1/runs/model_v12_singapore/2026-01-30-020036_singapore_unified_pipeline/tables/flow/patient_flow_mean.csv  — Mean patient flow per year (index_cnt, deaths, failures, viable)
02:01:11 | INFO     |   /Users/charles/Desktop/viv_tavi_forecasting/simulation_run_v1/runs/model_v12_singapore/2026-01-30-020036_singapore_unified_pipeline/tables/viv/viv_candidates_totals.csv  — ViV candidates (mean ± SD across runs, by year × viv_type)
02:01:11 | INFO     |   /Users/charles/Desktop/viv_tavi_forecasting/simulation_run_v1/runs/model_v12_singapore/2026-01-30-020036_singapore_unified_pipeline/tables/viv/viv_candidates_v5like.csv  — v5-style candidate totals (mean of bins, QA only)
02:01:11 | INFO     |   /Users/charles/Desktop/viv_tavi_forecasting/simulation_run_v1/runs/model_v12_singapore/2026-01-30-020036_singapore_unified_pipeline/tables/viv/viv_forecast.csv  — ViV realized (mean ± SD across runs)
02:01:11 | INFO     |   /Users/charles/Desktop/viv_tavi_forecasting/simulation_run_v1/runs/model_v12_singapore/2026-01-30-020036_singapore_unified_pipeline/tables/viv/viv_forecast_realized.csv  — ViV realized after redo-SAVR subtraction
02:01:11 | INFO     | QC tables:
02:01:11 | INFO     |   /Users/charles/Desktop/viv_tavi_forecasting/simulation_run_v1/runs/model_v12_singapore/2026-01-30-020036_singapore_unified_pipeline/qc/index_projection/tavi_index_projection_*  — TAVI index projection slice
02:01:11 | INFO     |   /Users/charles/Desktop/viv_tavi_forecasting/simulation_run_v1/runs/model_v12_singapore/2026-01-30-020036_singapore_unified_pipeline/qc/index_projection/savr_index_projection_*  — SAVR index projection slice
02:01:11 | INFO     |   /Users/charles/Desktop/viv_tavi_forecasting/simulation_run_v1/runs/model_v12_singapore/2026-01-30-020036_singapore_unified_pipeline/qc/redo/redo_savr_qc.csv  — Redo-SAVR reconciliation (before/after subtraction)
02:01:11 | INFO     | Figures (PNG):
02:01:11 | INFO     |   /Users/charles/Desktop/viv_tavi_forecasting/simulation_run_v1/runs/model_v12_singapore/2026-01-30-020036_singapore_unified_pipeline/figures/index/image_A_tavi_index.png  — TAVI index: observed vs projected
02:01:11 | INFO     |   /Users/charles/Desktop/viv_tavi_forecasting/simulation_run_v1/runs/model_v12_singapore/2026-01-30-020036_singapore_unified_pipeline/figures/index/image_B_savr_index.png  — SAVR index: observed vs projected
02:01:11 | INFO     |   /Users/charles/Desktop/viv_tavi_forecasting/simulation_run_v1/runs/model_v12_singapore/2026-01-30-020036_singapore_unified_pipeline/figures/index/index_volume_overlay.png  — TAVI vs SAVR index overlay
02:01:11 | INFO     |   /Users/charles/Desktop/viv_tavi_forecasting/simulation_run_v1/runs/model_v12_singapore/2026-01-30-020036_singapore_unified_pipeline/figures/flow/flow_tavi.png  — Flow diagram for TAVI (index, deaths, failures, viable)
02:01:11 | INFO     |   /Users/charles/Desktop/viv_tavi_forecasting/simulation_run_v1/runs/model_v12_singapore/2026-01-30-020036_singapore_unified_pipeline/figures/flow/flow_savr.png  — Flow diagram for SAVR (index, deaths, failures, viable)
02:01:11 | INFO     |   /Users/charles/Desktop/viv_tavi_forecasting/simulation_run_v1/runs/model_v12_singapore/2026-01-30-020036_singapore_unified_pipeline/figures/viv/image_C_viv_pretty_*.png  — Image-C-style ViV forecast (bars + lines)
02:01:11 | INFO     |   /Users/charles/Desktop/viv_tavi_forecasting/simulation_run_v1/runs/model_v12_singapore/2026-01-30-020036_singapore_unified_pipeline/figures/demography  — Demography plots (age-band lines, heatmap)
02:01:11 | INFO     |   /Users/charles/Desktop/viv_tavi_forecasting/simulation_run_v1/runs/model_v12_singapore/2026-01-30-020036_singapore_unified_pipeline/figures/risks  — Risk plots (heatmaps and bar charts)
