15:46:57 | INFO     | Outputs will be stored under runs/model_v9_forecasting/2025-11-12-154657_korea_v1
15:46:57 | INFO     | Pre‑compute: building age/sex population, risk scores, and redo targets.
15:46:57 | INFO     | TAVI rows 281, SAVR rows 470 (obs+projection)
15:47:06 | INFO     | Tables:
15:47:06 | INFO     |   runs/model_v9_forecasting/2025-11-12-154657_korea_v1/tables/index/tavi_with_projection.csv
15:47:06 | INFO     |   runs/model_v9_forecasting/2025-11-12-154657_korea_v1/tables/index/savr_with_projection.csv
15:47:06 | INFO     |   runs/model_v9_forecasting/2025-11-12-154657_korea_v1/tables/flow/patient_flow_mean.csv
15:47:06 | INFO     |   runs/model_v9_forecasting/2025-11-12-154657_korea_v1/tables/viv/viv_candidates_totals.csv
15:47:06 | INFO     |   runs/model_v9_forecasting/2025-11-12-154657_korea_v1/tables/viv/viv_candidates_v5like.csv
15:47:06 | INFO     |   runs/model_v9_forecasting/2025-11-12-154657_korea_v1/tables/viv/viv_forecast.csv
15:47:06 | INFO     |   runs/model_v9_forecasting/2025-11-12-154657_korea_v1/tables/viv/viv_forecast_realized.csv
15:47:06 | INFO     | QC:
15:47:06 | INFO     |   runs/model_v9_forecasting/2025-11-12-154657_korea_v1/qc/index_projection/tavi_index_projection_*.csv
15:47:06 | INFO     |   runs/model_v9_forecasting/2025-11-12-154657_korea_v1/qc/index_projection/savr_index_projection_*.csv
15:47:06 | INFO     |   runs/model_v9_forecasting/2025-11-12-154657_korea_v1/qc/redo/redo_savr_qc.csv
15:47:06 | INFO     | Figures:
15:47:06 | INFO     |   runs/model_v9_forecasting/2025-11-12-154657_korea_v1/figures/index/image_A_tavi_index.png
15:47:06 | INFO     |   runs/model_v9_forecasting/2025-11-12-154657_korea_v1/figures/index/image_B_savr_index.png
15:47:06 | INFO     |   runs/model_v9_forecasting/2025-11-12-154657_korea_v1/figures/index/index_volume_overlay.png
15:47:06 | INFO     |   runs/model_v9_forecasting/2025-11-12-154657_korea_v1/figures/flow/flow_tavi.png
15:47:06 | INFO     |   runs/model_v9_forecasting/2025-11-12-154657_korea_v1/figures/flow/flow_savr.png
15:47:06 | INFO     |   runs/model_v9_forecasting/2025-11-12-154657_korea_v1/figures/viv/image_C_viv_pretty_*.png
