17:26:40 | INFO     | Outputs will be stored under runs/model_v7_forecasting/2025-09-16-172640
17:26:40 | WARNING  | Population projection not found; population-based features limited.
17:26:40 | INFO     | TAVI rows 209, SAVR rows 398 (obs+projection)
17:26:40 | INFO     | Absolute redo targets present (mode=replace_rates); ignoring redo_rates during simulation.
17:26:46 | INFO     | Tables:
17:26:46 | INFO     |   runs/model_v7_forecasting/2025-09-16-172640/tables/index/tavi_with_projection.csv
17:26:46 | INFO     |   runs/model_v7_forecasting/2025-09-16-172640/tables/index/savr_with_projection.csv
17:26:46 | INFO     |   runs/model_v7_forecasting/2025-09-16-172640/tables/flow/patient_flow_mean.csv
17:26:46 | INFO     |   runs/model_v7_forecasting/2025-09-16-172640/tables/viv/viv_candidates_totals.csv
17:26:46 | INFO     |   runs/model_v7_forecasting/2025-09-16-172640/tables/viv/viv_candidates_v5like.csv
17:26:46 | INFO     |   runs/model_v7_forecasting/2025-09-16-172640/tables/viv/viv_forecast.csv
17:26:46 | INFO     |   runs/model_v7_forecasting/2025-09-16-172640/tables/viv/viv_forecast_realized.csv
17:26:46 | INFO     | QC:
17:26:46 | INFO     |   runs/model_v7_forecasting/2025-09-16-172640/qc/index_projection/tavi_index_projection_*.csv
17:26:46 | INFO     |   runs/model_v7_forecasting/2025-09-16-172640/qc/index_projection/savr_index_projection_*.csv
17:26:46 | INFO     |   runs/model_v7_forecasting/2025-09-16-172640/qc/redo/redo_savr_qc.csv
17:26:46 | INFO     | Figures:
17:26:46 | INFO     |   runs/model_v7_forecasting/2025-09-16-172640/figures/index/image_A_tavi_index.png
17:26:46 | INFO     |   runs/model_v7_forecasting/2025-09-16-172640/figures/index/image_B_savr_index.png
17:26:46 | INFO     |   runs/model_v7_forecasting/2025-09-16-172640/figures/index/index_volume_overlay.png
17:26:46 | INFO     |   runs/model_v7_forecasting/2025-09-16-172640/figures/flow/flow_tavi.png
17:26:46 | INFO     |   runs/model_v7_forecasting/2025-09-16-172640/figures/flow/flow_savr.png
17:26:46 | INFO     |   runs/model_v7_forecasting/2025-09-16-172640/figures/viv/image_C_viv_pretty_*.png
