15:31:33 | INFO     | Outputs will be stored under runs/model_v10_un_data/2025-12-04-153133_korea_un_projection
15:31:33 | INFO     | Pre-compute enabled: building age/sex population, risk scores, redo targets.
15:31:33 | INFO     | Built population files from UN data (Years 2022-2050)
15:31:34 | INFO     | Built index projection: TAVI rows 386, SAVR rows 575
15:31:34 | INFO     | Demography figures stored under runs/model_v10_un_data/2025-12-04-153133_korea_un_projection/figures/demography
15:31:34 | INFO     | Risk figures stored under runs/model_v10_un_data/2025-12-04-153133_korea_un_projection/figures/risks
15:31:35 | INFO     | TAVI rows 386, SAVR rows 575 (observed + projection)
15:31:35 | INFO     | Run 1/100: realized ViV — TAVR-in-SAVR=13381, TAVR-in-TAVR=6624
15:31:39 | INFO     | Run 11/100: realized ViV — TAVR-in-SAVR=16026, TAVR-in-TAVR=7697
15:31:43 | INFO     | Run 21/100: realized ViV — TAVR-in-SAVR=19799, TAVR-in-TAVR=9893
15:31:46 | INFO     | Run 31/100: realized ViV — TAVR-in-SAVR=17422, TAVR-in-TAVR=8682
15:31:50 | INFO     | Run 41/100: realized ViV — TAVR-in-SAVR=16035, TAVR-in-TAVR=8161
15:31:54 | INFO     | Run 51/100: realized ViV — TAVR-in-SAVR=16207, TAVR-in-TAVR=8067
15:31:58 | INFO     | Run 61/100: realized ViV — TAVR-in-SAVR=16529, TAVR-in-TAVR=8295
15:32:02 | INFO     | Run 71/100: realized ViV — TAVR-in-SAVR=16750, TAVR-in-TAVR=8519
15:32:06 | INFO     | Run 81/100: realized ViV — TAVR-in-SAVR=17323, TAVR-in-TAVR=8451
15:32:09 | INFO     | Run 91/100: realized ViV — TAVR-in-SAVR=15119, TAVR-in-TAVR=7512
15:32:13 | INFO     | Run 100/100: realized ViV — TAVR-in-SAVR=17727, TAVR-in-TAVR=8791
15:32:14 | INFO     | Tables (CSV):
15:32:14 | INFO     |   runs/model_v10_un_data/2025-12-04-153133_korea_un_projection/tables/index/tavi_with_projection.csv  — TAVI index volumes (year × age_band × sex × src)
15:32:14 | INFO     |   runs/model_v10_un_data/2025-12-04-153133_korea_un_projection/tables/index/savr_with_projection.csv  — SAVR index volumes (year × age_band × sex × src)
15:32:14 | INFO     |   runs/model_v10_un_data/2025-12-04-153133_korea_un_projection/tables/flow/patient_flow_mean.csv  — Mean patient flow per year (index_cnt, deaths, failures, viable)
15:32:14 | INFO     |   runs/model_v10_un_data/2025-12-04-153133_korea_un_projection/tables/viv/viv_candidates_totals.csv  — ViV candidates (mean ± SD across runs, by year × viv_type)
15:32:14 | INFO     |   runs/model_v10_un_data/2025-12-04-153133_korea_un_projection/tables/viv/viv_candidates_v5like.csv  — v5-style candidate totals (mean of bins, QA only)
15:32:14 | INFO     |   runs/model_v10_un_data/2025-12-04-153133_korea_un_projection/tables/viv/viv_forecast.csv  — ViV realized (mean ± SD across runs)
15:32:14 | INFO     |   runs/model_v10_un_data/2025-12-04-153133_korea_un_projection/tables/viv/viv_forecast_realized.csv  — ViV realized after redo-SAVR subtraction
15:32:14 | INFO     | QC tables:
15:32:14 | INFO     |   runs/model_v10_un_data/2025-12-04-153133_korea_un_projection/qc/index_projection/tavi_index_projection_*  — TAVI index projection slice
15:32:14 | INFO     |   runs/model_v10_un_data/2025-12-04-153133_korea_un_projection/qc/index_projection/savr_index_projection_*  — SAVR index projection slice
15:32:14 | INFO     |   runs/model_v10_un_data/2025-12-04-153133_korea_un_projection/qc/redo/redo_savr_qc.csv  — Redo-SAVR reconciliation (before/after subtraction)
15:32:14 | INFO     | Figures (PNG):
15:32:14 | INFO     |   runs/model_v10_un_data/2025-12-04-153133_korea_un_projection/figures/index/image_A_tavi_index.png  — TAVI index: observed vs projected
15:32:14 | INFO     |   runs/model_v10_un_data/2025-12-04-153133_korea_un_projection/figures/index/image_B_savr_index.png  — SAVR index: observed vs projected
15:32:14 | INFO     |   runs/model_v10_un_data/2025-12-04-153133_korea_un_projection/figures/index/index_volume_overlay.png  — TAVI vs SAVR index overlay
15:32:14 | INFO     |   runs/model_v10_un_data/2025-12-04-153133_korea_un_projection/figures/flow/flow_tavi.png  — Flow diagram for TAVI (index, deaths, failures, viable)
15:32:14 | INFO     |   runs/model_v10_un_data/2025-12-04-153133_korea_un_projection/figures/flow/flow_savr.png  — Flow diagram for SAVR (index, deaths, failures, viable)
15:32:14 | INFO     |   runs/model_v10_un_data/2025-12-04-153133_korea_un_projection/figures/viv/image_C_viv_pretty_*.png  — Image-C-style ViV forecast (bars + lines)
15:32:14 | INFO     |   runs/model_v10_un_data/2025-12-04-153133_korea_un_projection/figures/demography  — Demography plots (age-band lines, heatmap)
15:32:14 | INFO     |   runs/model_v10_un_data/2025-12-04-153133_korea_un_projection/figures/risks  — Risk plots (heatmaps and bar charts)
