21:43:27 | INFO     | Outputs will be stored under runs/model_v9_forecasting/2025-11-12-214327_korea_v1
21:43:27 | INFO     | Pre‑compute: building age/sex population, risk scores, and redo targets.
21:43:28 | INFO     | TAVI rows 194, SAVR rows 494 (obs+projection)
21:43:40 | INFO     | Tables:
21:43:40 | INFO     |   runs/model_v9_forecasting/2025-11-12-214327_korea_v1/tables/index/tavi_with_projection.csv
21:43:40 | INFO     |   runs/model_v9_forecasting/2025-11-12-214327_korea_v1/tables/index/savr_with_projection.csv
21:43:40 | INFO     |   runs/model_v9_forecasting/2025-11-12-214327_korea_v1/tables/flow/patient_flow_mean.csv
21:43:40 | INFO     |   runs/model_v9_forecasting/2025-11-12-214327_korea_v1/tables/viv/viv_candidates_totals.csv
21:43:40 | INFO     |   runs/model_v9_forecasting/2025-11-12-214327_korea_v1/tables/viv/viv_candidates_v5like.csv
21:43:40 | INFO     |   runs/model_v9_forecasting/2025-11-12-214327_korea_v1/tables/viv/viv_forecast.csv
21:43:40 | INFO     |   runs/model_v9_forecasting/2025-11-12-214327_korea_v1/tables/viv/viv_forecast_realized.csv
21:43:40 | INFO     | QC:
21:43:40 | INFO     |   runs/model_v9_forecasting/2025-11-12-214327_korea_v1/qc/index_projection/tavi_index_projection_*.csv
21:43:40 | INFO     |   runs/model_v9_forecasting/2025-11-12-214327_korea_v1/qc/index_projection/savr_index_projection_*.csv
21:43:40 | INFO     |   runs/model_v9_forecasting/2025-11-12-214327_korea_v1/qc/redo/redo_savr_qc.csv
21:43:40 | INFO     | Figures:
21:43:40 | INFO     |   runs/model_v9_forecasting/2025-11-12-214327_korea_v1/figures/index/image_A_tavi_index.png
21:43:40 | INFO     |   runs/model_v9_forecasting/2025-11-12-214327_korea_v1/figures/index/image_B_savr_index.png
21:43:40 | INFO     |   runs/model_v9_forecasting/2025-11-12-214327_korea_v1/figures/index/index_volume_overlay.png
21:43:40 | INFO     |   runs/model_v9_forecasting/2025-11-12-214327_korea_v1/figures/flow/flow_tavi.png
21:43:40 | INFO     |   runs/model_v9_forecasting/2025-11-12-214327_korea_v1/figures/flow/flow_savr.png
21:43:40 | INFO     |   runs/model_v9_forecasting/2025-11-12-214327_korea_v1/figures/viv/image_C_viv_pretty_*.png
